   Old Name  New Name  Count (* marks global variable)

         A$        S$      6
         A%        Y%     17
         B$        K$      3
      BASE&        A&      3
*    BTONE:        D:      2
       BUF%        S%      9
*       CA:        P:      1
*       CC:        U:      1
*       CD:        O:      1
*       CE:        R:      1
*     CONM$        H$      3
*       CS:        Q:      1
*       CU:        S:      1
     DELAY&        D&      3
    DIGITS$        J$      2
*     DIVN$        A$     11
*       DN$        B$      7
*    DTONE:        H:      2
   ERROR2::       A::      2
    ERROR::       B::      6
         F$        Q$      4
      FILE$        L$      3
     FNAME$        R$      5
      GATE%        M%      4
*   GETDEF:        K:      2
*      GK%:       B%:      2
         H$        P$      4
*        H%        A%     25
*     HELP:        N:      2
        HT%        D%      1
         I%        F%      2
*      ICN:        C:      3
        ID%        Q%      7
        IM%        G%      2
         K%        Z%     22
       KEY%        J%      2
     KSTAT%        L%      4
         L%        R%      8
      LEN1%        U%      9
      LEN2%        T%      9
    LENGTH&        E&      3
* LOADPIC%:       A%:      3
*     MAIN:        T:      1
*       MF:        I:      2
*      MSG$        F$      4
      NAME$        M$      3
    NOTES1%       AA%     48
    NOTES2%       AB%     48
*     NTNM$        E$      4
*   NUTONE:        E:      2
         O%        K%      4
*  OFFHOOK:        B:      4
*   ONHOOK:        A:      5
      PAGE&        C&      3
     PAUSE&        B&      3
*     PLAY:        G:      2
*    PLAYA:        L:      2
*    PLAYC:        M:      2
*    PRGNM$        I$      2
     PSTAT%        H%      2
         R%        W%     10
       RET%        X%     13
*    RTONE:        F:      2
    S1STAT%        V%      9
*    SETUP:        J:      2
   SIGNALS%        O%      6
     SSTAT%        P%      6
        ST$        U$     10
*    STAT1$        D$      5
*    STAT2$        C$      5
*    STAT3$        G$      4
         T$        O$      3
      TEMP$        N$      3
     TICKS%        N%      5
       VOL%        I%      2
         W$        T$      7
*        W%        B%     14
        WI%        E%      1
         Z%        C%      1

Total bytes saved by variable compaction is 299
