   Old Name  New Name  Count (* marks global variable)

         A$        W$      6
         A%       AW%     17
         B$        O$      3
      BASE&        D&      3
       BUF%       AR%      9
       CNT%       AQ%      8
*     CONM$        L$      3
     COUNT%       AX%     21
     DELAY&        B&      3
    DIGITS$        M$      2
*     DIVN$        C$     16
*       DN$        G$      9
   ERROR2::       A::      2
    ERROR::       B::      6
         F$        U$      4
         F%       AD%      3
      FILE$        Q$      3
     FNAME$        V$      5
      GATE%       AJ%      4
*      GK%:       B%:      2
         H$        T$      4
*        H%        B%     16
*     HELP:        K:      2
        HT%        E%      1
         I%        R%      2
*      ICN:        F:      3
        ID%       AP%      7
        IM%        Q%      2
         K%       AY%     22
       KEY%        T%      2
     KSTAT%       AH%      4
         L%       AV%     16
      LEN1%       AF%      3
      LEN2%       AE%      3
    LENGTH&        C&      3
       LN1%        P%      2
       LN2%        O%      2
* LOADPIC%:       A%:      3
*    LOGON:        E:      3
*     MAIN:        L:      1
*       MF:        G:      2
*      MSG$        F$      9
*      MTN$        D$     13
         N%        I%      2
      NAME$        R$      3
    NOTES1%       AT%     10
    NOTES2%       AS%     10
*     NTNM$        B$     17
         O%       AI%      4
*  OFFHOOK:        A:      6
*   ONHOOK:        B:      6
      PAGE&        E&      3
     PAUSE&        A&      3
*     PLAY:        I:      2
*    PLAYA:        J:      2
*    PLAYC:        H:      2
*    PRGNM$        I$      6
*     PROT$        A$     40
*     PROT%        C%      7
     PSTAT%        S%      2
         R%       AU%     13
       RET%       AK%      5
    S1STAT%       AG%      3
   SIGNALS%       AN%      6
     SKIP::       C::     40
*    SOUND:        C:      4
     SSTAT%       AO%      6
        ST$        Z$     10
*    STAT1$        H$      6
*    STAT2$        J$      5
*    STAT3$        K$      4
*   STRIP$:       A$:      3
         T$        S$      3
*     TEMP$        E$     12
      TEST$        N$      2
     TICKS%       AM%      5
       TMP$        P$      3
       TST$        Y$     10
*    UPDTE:        D:      3
      V1F1%        X%      2
      V1F2%        V%      2
      V1F3%        W%      2
      V1F4%        Y%      2
      V1T1%       AB%      2
      V1T2%       AC%      2
      V1T3%        Z%      2
      V1T4%       AA%      2
      V2F1%        U%      2
      V2F2%        L%      2
      V2F3%        K%      2
      V2F4%        N%      2
      V2T1%        M%      2
      V2T2%        H%      2
      V2T3%        G%      2
      V2T4%        J%      2
       VOL%       AL%      5
         W$        X$      7
*        W%        A%     19
        WI%        D%      1
         Z%        F%      1

Total bytes saved by variable compaction is 599
